c:\users\student04\desktop\7.24.19\7.17.19\workingproject\workingproject\release\workingproject.pch
c:\users\student04\desktop\7.24.19\7.17.19\workingproject\workingproject\release\vc141.pdb
c:\users\student04\desktop\7.24.19\7.17.19\workingproject\workingproject\release\pch.obj
c:\users\student04\desktop\7.24.19\7.17.19\workingproject\workingproject\release\glad.obj
c:\users\student04\desktop\7.24.19\7.17.19\workingproject\workingproject\release\modelloading.obj
c:\users\student04\desktop\7.24.19\7.17.19\workingproject\workingproject\release\imgui_demo.obj
c:\users\student04\desktop\7.17.19\workingproject\release\workingproject.exe
c:\users\student04\desktop\7.17.19\workingproject\release\workingproject.pdb
c:\users\student04\desktop\7.24.19\7.17.19\workingproject\release\workingproject.exe
c:\users\student04\desktop\7.24.19\7.17.19\workingproject\release\workingproject.pdb
c:\users\student04\desktop\7.17.19\workingproject\release\workingproject.ipdb
c:\users\student04\desktop\7.17.19\workingproject\release\workingproject.iobj
c:\users\student04\desktop\7.24.19\7.17.19\workingproject\release\workingproject.ipdb
c:\users\student04\desktop\7.24.19\7.17.19\workingproject\release\workingproject.iobj
c:\users\student04\desktop\7.24.19\7.17.19\workingproject\workingproject\release\coordinate_systems_2.obj
c:\users\student04\desktop\7.24.19\7.17.19\workingproject\workingproject\release\environmentmapping.obj
c:\users\student04\desktop\7.24.19\7.17.19\workingproject\workingproject\release\lighting1.obj
c:\users\student04\desktop\7.24.19\7.17.19\workingproject\workingproject\release\lighting2.obj
c:\users\student04\desktop\7.24.19\7.17.19\workingproject\workingproject\release\skybox.obj
c:\users\student04\desktop\7.24.19\7.17.19\workingproject\workingproject\release\workingproject.tlog\cl.command.1.tlog
c:\users\student04\desktop\7.24.19\7.17.19\workingproject\workingproject\release\workingproject.tlog\cl.read.1.tlog
c:\users\student04\desktop\7.24.19\7.17.19\workingproject\workingproject\release\workingproject.tlog\cl.write.1.tlog
c:\users\student04\desktop\7.24.19\7.17.19\workingproject\workingproject\release\workingproject.tlog\link.command.1.tlog
c:\users\student04\desktop\7.24.19\7.17.19\workingproject\workingproject\release\workingproject.tlog\link.read.1.tlog
c:\users\student04\desktop\7.24.19\7.17.19\workingproject\workingproject\release\workingproject.tlog\link.write.1.tlog
c:\users\student04\desktop\7.24.19\7.17.19\workingproject\workingproject\release\workingproject.tlog\workingproject.write.1u.tlog
